beagle.27Feb25.75f.jar (version 5.5)
Copyright (C) 2014-2024 Brian L. Browning
Enter "java -jar beagle.27Feb25.75f.jar" to list command line argument
Start time: 07:36 PM CEST on 11 Jun 2026

Command line: java -Xmx910m -jar beagle.27Feb25.75f.jar
  gt=ATP2B4_enhancers_MSL.vcf.gz
  out=ATP2B4_enhancers_MSL_phased
  nthreads=8

No genetic map is specified: using 1 cM = 1 Mb

Reference samples:                    0
Study     samples:                  100

Window 1 [chr1:203629093-203682912]
Study     markers:                   14

Burnin  iteration 1:           0 seconds
Burnin  iteration 2:           0 seconds
Burnin  iteration 3:           0 seconds

Estimated ne:                  127518
Estimated err:                 1.4e-03

Phasing iteration 1:           0 seconds
Phasing iteration 2:           0 seconds
Phasing iteration 3:           0 seconds
Phasing iteration 4:           0 seconds
Phasing iteration 5:           0 seconds
Phasing iteration 6:           0 seconds
Phasing iteration 7:           0 seconds
Phasing iteration 8:           0 seconds
Phasing iteration 9:           0 seconds
Phasing iteration 10:          0 seconds
Phasing iteration 11:          0 seconds
Phasing iteration 12:          0 seconds

Cumulative Statistics:

Study     markers:                   14

Haplotype phasing time:        0 seconds
Total time:                    1 second

End time: 07:36 PM CEST on 11 Jun 2026
beagle.27Feb25.75f.jar finished
